# JRE version: OpenJDK Runtime Environment Temurin-17.0.8.1+1 (17.0.8.1+1) (build 17.0.8.1+1)
# Java VM: OpenJDK 64-Bit Server VM Temurin-17.0.8.1+1 (17.0.8.1+1, mixed mode, sharing, tiered, compressed oops, compressed class ptrs, g1 gc, windows-amd64)
GC Precious Log:
 CPUs: 16 total, 16 available
 Memory: 15681M
 Large Page Support: Disabled
 NUMA Support: Disabled
 Compressed Oops: Enabled (Zero based)
 Heap Region Size: 4M
 Heap Min Capacity: 8M
 Heap Initial Capacity: 248M
 Heap Max Capacity: 8G
 Pre-touch: Disabled
 Parallel Workers: 13
 Concurrent Workers: 3
 Concurrent Refinement Workers: 13
 Periodic GC: Disabled
Heap:
 garbage-first heap   total 241664K, used 183541K [0x0000000600000000, 0x0000000800000000)
  region size 4096K, 19 young (77824K), 1 survivors (4096K)
 Metaspace       used 89864K, committed 90880K, reserved 1179648K
  class space    used 12492K, committed 12992K, reserved 1048576K
GC Heap History (20 events):
Event: 62.012 GC heap before
{Heap before GC invocations=36 (full 0):
 garbage-first heap   total 151552K, used 118844K [0x0000000600000000, 0x0000000800000000)
  region size 4096K, 10 young (40960K), 2 survivors (8192K)
 Metaspace       used 75143K, committed 75968K, reserved 1114112K
  class space    used 10609K, committed 11008K, reserved 1048576K
}
Event: 62.018 GC heap after
{Heap after GC invocations=37 (full 0):
 garbage-first heap   total 151552K, used 87539K [0x0000000600000000, 0x0000000800000000)
  region size 4096K, 2 young (8192K), 2 survivors (8192K)
 Metaspace       used 75143K, committed 75968K, reserved 1114112K
  class space    used 10609K, committed 11008K, reserved 1048576K
}
Event: 62.585 GC heap before
{Heap before GC invocations=38 (full 0):
 garbage-first heap   total 163840K, used 116211K [0x0000000600000000, 0x0000000800000000)
  region size 4096K, 9 young (36864K), 2 survivors (8192K)
 Metaspace       used 75146K, committed 75968K, reserved 1114112K
  class space    used 10609K, committed 11008K, reserved 1048576K
}
Event: 62.591 GC heap after
{Heap after GC invocations=39 (full 0):
 garbage-first heap   total 163840K, used 88393K [0x0000000600000000, 0x0000000800000000)
  region size 4096K, 2 young (8192K), 2 survivors (8192K)
 Metaspace       used 75146K, committed 75968K, reserved 1114112K
  class space    used 10609K, committed 11008K, reserved 1048576K
}
Event: 63.431 GC heap before
{Heap before GC invocations=39 (full 0):
 garbage-first heap   total 163840K, used 125257K [0x0000000600000000, 0x0000000800000000)
  region size 4096K, 12 young (49152K), 2 survivors (8192K)
 Metaspace       used 75157K, committed 75968K, reserved 1114112K
  class space    used 10609K, committed 11008K, reserved 1048576K
}
Event: 63.436 GC heap after
{Heap after GC invocations=40 (full 0):
 garbage-first heap   total 163840K, used 89642K [0x0000000600000000, 0x0000000800000000)
  region size 4096K, 2 young (8192K), 2 survivors (8192K)
 Metaspace       used 75157K, committed 75968K, reserved 1114112K
  class space    used 10609K, committed 11008K, reserved 1048576K
}
Event: 64.569 GC heap before
{Heap before GC invocations=41 (full 0):
 garbage-first heap   total 163840K, used 126506K [0x0000000600000000, 0x0000000800000000)
  region size 4096K, 12 young (49152K), 2 survivors (8192K)
 Metaspace       used 76030K, committed 76992K, reserved 1179648K
  class space    used 10718K, committed 11200K, reserved 1048576K
}
Event: 64.576 GC heap after
{Heap after GC invocations=42 (full 0):
 garbage-first heap   total 163840K, used 107253K [0x0000000600000000, 0x0000000800000000)
  region size 4096K, 2 young (8192K), 2 survivors (8192K)
 Metaspace       used 76030K, committed 76992K, reserved 1179648K
  class space    used 10718K, committed 11200K, reserved 1048576K
}
Event: 64.879 GC heap before
{Heap before GC invocations=42 (full 0):
 garbage-first heap   total 163840K, used 123637K [0x0000000600000000, 0x0000000800000000)
  region size 4096K, 7 young (28672K), 2 survivors (8192K)
 Metaspace       used 77424K, committed 78400K, reserved 1179648K
  class space    used 10879K, committed 11392K, reserved 1048576K
}
Event: 64.883 GC heap after
{Heap after GC invocations=43 (full 0):
 garbage-first heap   total 163840K, used 108023K [0x0000000600000000, 0x0000000800000000)
  region size 4096K, 1 young (4096K), 1 survivors (4096K)
 Metaspace       used 77424K, committed 78400K, reserved 1179648K
  class space    used 10879K, committed 11392K, reserved 1048576K
}
Event: 65.237 GC heap before
{Heap before GC invocations=44 (full 0):
 garbage-first heap   total 192512K, used 124407K [0x0000000600000000, 0x0000000800000000)
  region size 4096K, 6 young (24576K), 1 survivors (4096K)
 Metaspace       used 79295K, committed 80192K, reserved 1179648K
  class space    used 11063K, committed 11520K, reserved 1048576K
}
Event: 65.241 GC heap after
{Heap after GC invocations=45 (full 0):
 garbage-first heap   total 192512K, used 108496K [0x0000000600000000, 0x0000000800000000)
  region size 4096K, 1 young (4096K), 1 survivors (4096K)
 Metaspace       used 79295K, committed 80192K, reserved 1179648K
  class space    used 11063K, committed 11520K, reserved 1048576K
}
Event: 65.292 GC heap before
{Heap before GC invocations=45 (full 0):
 garbage-first heap   total 192512K, used 108496K [0x0000000600000000, 0x0000000800000000)
  region size 4096K, 2 young (8192K), 1 survivors (4096K)
 Metaspace       used 79625K, committed 80576K, reserved 1179648K
  class space    used 11107K, committed 11584K, reserved 1048576K
}
Event: 65.296 GC heap after
{Heap after GC invocations=46 (full 0):
 garbage-first heap   total 192512K, used 106341K [0x0000000600000000, 0x0000000800000000)
  region size 4096K, 1 young (4096K), 1 survivors (4096K)
 Metaspace       used 79625K, committed 80576K, reserved 1179648K
  class space    used 11107K, committed 11584K, reserved 1048576K
}
Event: 65.794 GC heap before
{Heap before GC invocations=46 (full 0):
 garbage-first heap   total 192512K, used 143205K [0x0000000600000000, 0x0000000800000000)
  region size 4096K, 11 young (45056K), 1 survivors (4096K)
 Metaspace       used 81424K, committed 82368K, reserved 1179648K
  class space    used 11361K, committed 11840K, reserved 1048576K
}
Event: 65.799 GC heap after
{Heap after GC invocations=47 (full 0):
 garbage-first heap   total 241664K, used 110888K [0x0000000600000000, 0x0000000800000000)
  region size 4096K, 2 young (8192K), 2 survivors (8192K)
 Metaspace       used 81424K, committed 82368K, reserved 1179648K
  class space    used 11361K, committed 11840K, reserved 1048576K
}
Event: 67.032 GC heap before
{Heap before GC invocations=48 (full 0):
 garbage-first heap   total 241664K, used 188712K [0x0000000600000000, 0x0000000800000000)
  region size 4096K, 21 young (86016K), 2 survivors (8192K)
 Metaspace       used 86905K, committed 87872K, reserved 1179648K
  class space    used 12080K, committed 12544K, reserved 1048576K
}
Event: 67.039 GC heap after
{Heap after GC invocations=49 (full 0):
 garbage-first heap   total 241664K, used 114055K [0x0000000600000000, 0x0000000800000000)
  region size 4096K, 3 young (12288K), 3 survivors (12288K)
 Metaspace       used 86905K, committed 87872K, reserved 1179648K
  class space    used 12080K, committed 12544K, reserved 1048576K
}
Event: 67.086 GC heap before
{Heap before GC invocations=49 (full 0):
 garbage-first heap   total 241664K, used 118151K [0x0000000600000000, 0x0000000800000000)
  region size 4096K, 4 young (16384K), 3 survivors (12288K)
 Metaspace       used 87196K, committed 88192K, reserved 1179648K
  class space    used 12110K, committed 12608K, reserved 1048576K
}
Event: 67.095 GC heap after
{Heap after GC invocations=50 (full 0):
 garbage-first heap   total 241664K, used 113909K [0x0000000600000000, 0x0000000800000000)
  region size 4096K, 1 young (4096K), 1 survivors (4096K)
 Metaspace       used 87196K, committed 88192K, reserved 1179648K
  class space    used 12110K, committed 12608K, reserved 1048576K
}

